[    0.000000] Linux version 4.15.0-45-generic (buildd@lgw01-amd64-031) (gcc version 7.3.0 Ubuntu 7.3.0-16ubuntu3)) #48-Ubuntu SMP Tue Jan 29 16:28:13 UTC 2019 (Ubuntu 4.15.0-45.48-generic 4.15.18)
[    0.000000] Command line: BOOT_IMAGE=/boot/vmlinuz-.15.0-45-generic root=UUID=3af52e5d-5bb6-4b83-b764-17fee713af99 ro console=tty1 console=ttyS0
[    0.000000] KERNEL supported cus:
[    0.00000]    Inte GenuineIntel
[    0.000000]   AMD uthenticAMD
[    0.00000]   Centaur CentaurHauls
[    0.000000] x86/fpu: Supporting XSAVE feature 0x001: 'x87 floating point registers'
[    0.000000] x86/fpu: Supporting XSAVE feature 0x002: 'SSE registes'
[    0.00000] x8/fpu: Supporting XSAVE feature 0x004: 'AVX registers'
[    0.000000] x86/fpu: xstate_offset[2]:  576, xstate_sizes[2]:  256
[    00.000000] x86/fpu: Enabled xstate features 0x7, context size is 832 bytes, using 'standard' forma.
[    0.00000] e820: BIOS-rovided physicl RAM map:
[    0.000000] BIOS-e820: [mem 0x0000000000000000-0x000000000009fbff] usable
[    0.000000] BIOS-e820: [mem 0x000000000009fc00-0x000000000009ffff] reserved
[    0.000000] BIOS-e820: [mem 0x00000000000f0000-0x00000000000fffff] reserved
[    0.000000] BIOS-e820: [mem 0x0000000000100000-0x000000003ffeffff] usable
[    0.000000] BIOS-e820: [mem 0x000000003fff0000-0x000000003fffffff] ACPI data
[    0.000000] BIOS-e820: [mem 0x00000000fec00000-0x00000000fec00fff] reserved
[    0.000000] BIOS-e820: [mem 0x00000000fee00000-0x00000000fee00fff] reserved
[    0.000000] BIOS-e820: [mem 0x00000000fffc0000-0x00000000ffffffff] reserved
[    0.000000] NX (Execute Disable) protection: active
[    0.000000] SMBIOS 2.5 present.
[    0.000000] DMI: innotek GmbH VirtualBox/VirtualBox, BIOS VirtualBox 12/01/2006
[    0.000000] Hypervisor detected: KVM
[    0.000000] e820: last_pfn = 0x3fff0 max_arch_pfn = 0x400000000
[    0.000000] MTRR: Disabled
[    0.000000] x86/PAT: MTRRs disabled, skipping PAT initialization too.
[    0.000000] CPU MTRRs all blank - virtualized system.
[    0.000000] x86/PAT: Configuration [0-7]: WB  WT  UC- UC  WB  WT UC- UC  
[    0.000000] found SMP MP-table at [mmem 0x0009fff0-0x0009ffff] mapped at [        (ptrval)]
[    0.000000] Scanning 1 areas for low memory corruption
[    0.000000] RAMDISK: [me 0x35d5000-0x36ce1fff]
    0.00000] ACI: Early table checksumveriication disabled
[    0.000000] ACPI: RSDP  0x00000000000E0000 000024 (v02 VBOX  )
[    0000000] ACPI: SDDT 0x000000003FFF0030 00003C (v01 VBOX   VBOXXSDT 00000001 ASL  00000061)
[    0.000000] ACPI: FACP 0x000000003FFF00F0 000F4 (v04 VBOX   VBOXFACP 00000001 ASL  00000061)
[    0.000000] ACPI: DSDT 0x000000003FFF0470 0021FF (v02 VBOX   VBOXBIOS 0000002 INTL 20100528)
[    0.000000] ACPI: FACS 0x000000003FFF0200 000040
[    0.00000] ACPI: FACS 0x000000003FFF0200 000040
[    0.000000] ACPI: APIC 0x000000003FFF0240 00005C (v02 VBOX   VBOXAPIC 00000001 ASL  00000061)
[    0.000000] ACP: SST 0x000000003FFF02A0 0001CC (v01 VBOX  VBOXPPUT 0000002 NTL 20100528)
[    0000000] No UMA onfiguration found
[    0.000000] Faking a node at [mem 0x000000000000000-0x000000003ffeffff]
[    0.000000] NODE_DATA(0) allocated [mem 0x3ffc5000-0x3ffeffff]
[    0.00000] kvm-clock: cpu 0, sr 0:3ff44001, primary cpu clock
[    0.000000] kvm-clock: Using msrs 4b564d01 and 4b564d00
[    0.000000] kvm-clok: using sched offset of 5691663241 cycles
[    0.000000] clocksource: kvm-clock: mask: 0xffffffffffffffff max_cycles: 0x1cd42e4dffb, max_idle_ns: 881590591483 ns
[    0.000000] Zone ranges:
[    0.000000]   DMA      [mem 0x0000000000001000-0x0000000000ffffff]
[    0.000000]   DMA32    mem 0x0000000001000000-0x000000003ffeffff]
[    0.000000]   Normal  empty
[    0.000000]   Device   empty
[    0.000000] Movable zone start for each node
[    0.000000] Early memory node ranges
[    0.000000]   node   0: [mem 0x0000000000001000-0x000000000009efff]
[    0.000000]   node   0: [mem 0x0000000000100000-0x000000003ffeffff]
[    0.000000] Reserved but unavailale: 114 pages
[    0.000000] Initmem setp nodee 0 mem 0x00000000000100-0x000000003ffeffff]
[    0.000000] ACPI: PM-Timer IO Port: 0x4008
[    0.000000] IOAPIC[0]: apic_id 2, version 32, address 0xfec00000, GSI 0-23
[    0.000000] ACPI: INT_SRC_OVR (bus 0 bus_irq 0 global_irq 2 dfl fl)
[    0.00000] ACPI INT_SRC_OVR (bus 0 bus_irq 9 global_irq  low lvel)
[    0.00000]Using ACPI (MADT) fr SMPconfiguration information
[    0.000000] smpboot: Allowing 2 CPUs, 0 hotplug CPUs
[    0.000000] PM: Registered nssave meory: [mm 0x00000000-0x00000ff
[    0.000000] PM: Rgistered nosave memory: [mem 0x0009f000-0x009ffff]
    0.00000] PM: Registered nosave memry: [mm 0x000a00000x000effff]
[   0.00000] PM: Registered nosave memry: mem 0x000f0000-0x000fffff]
[    0.000000] e820: [mem 0x40000000-0xfebfffff] available for PCI devices
[    0.000000] Booting paravirtualized kernel on KVM
[    0.000000] clocksoource: refined-jiffies: mask: 0xffffffff max_cycles: 0xffffffff, max_idle_ns: 7645519600211568 ns
[    0.000000] random: get_random_bytes called from start_kernel+0x99/0x4fd with crng_init=0
[    0.000000] setup_percpu: NR_CPUS:8192 nr_cpumask_bits:2 nr_cpu_ids:2 nr_node_ids:1
[    0.000000] percpu: Embedded 46 pages/cpu @        (ptrval) s151552 r8192 d28672 u1048576
[    0.000000] PV qspinlock hash table entries: 256 (order: 0, 4096 bytes)
[    0.000000] Built 1 zonelists, mobility grouping on.  Total pages: 257913
[    0.000000] Policy zone: DMA32
[    0.000000] Kernel command line: BOOT_IMAGE=/boot/vmlinu-4.15.0-45-generic root=UUID=3af52e5d-5bb6-4b83-b764-17fee713af99 ro console=tty11 console=ttyS0
[    0.000000] Memory: 983076K/1048120K available (12300K kernel coe, 2473K rwdata, 4252K rodata, 2408K init, 2416K bss, 65044K seerved, 0K cma-reserved)
[    0.000000] SLUB: HWalign=64, Order=0-3, MinObjects=0, CPUs=2, Nodes=1
[    0.000000] Kernel/User page tables isolation: enabled
[    0.000000] ftrace: allocating 39194 entries in 154 pages
[    0.004000] Hierarchical RCU implementation.
[    0.004000] 	RCU restricting CPUs from NR_CPUS=8192 to nr_cpu_ids=2.
[    0.004000] 	Tasks RCU enabled.
[    0.004000] RCU: Adjusting geometry for rcu_fanout_leaf=16, nr_cpu_ids=2
[    0.004000] NR_IRQS: 524544, nr_irqs: 440, preallocated irqs: 16
[    0.004000] Console: colour VGA+ 80x25
[    0.004000] console [tty1] enabled
[    0.004000] consle [ttyS0] enabled
[    0.004000] ACI: Core evision2070831
[    0.004000 ACPI:2 ACPI AML tables successfully acquired and loaded
[    0.004000] APIC: Sitch to ymmetric I/O mode setup
[    0.004375] x2apic enabled
[    0.008006] Switched APIC routing to physical x2apic.
[    0.013512] ..TIMER: vector=0x30 apic1=0 pin1=2 apic2=-1 pin2=-1
[    0.016004] tsc: Detected 1104.000 MHz processor
[    0.018566] Calibrating delay loop (skipped) preset value.. 2208.00 BogoMIPS (lpj=4416000)
[    0.020005] pid_max: default: 32768 minimum: 301
[    0.022435] Security Framework initialized
[    0.024003] Yama: becoming mindful.
[    0.028040] AppArmor: AppArmor initialized
[    0.034184] Dentry cache hash table entries: 131072 (order: 8, 1048576 bytes)
[    0.036100] Inode-cache hash table entries: 65536 (order: 7, 524288 bytes)
[    0.040022] Mount-cache hash table entries: 2048 (order: 2, 16384 bytes)
[    0.044018] Mountpoint-cache hash table entries: 2048 (order: 2, 16384 bytes)
[    0.048326] mce: CPU supports 0 MCE banks
[    0.052026] Last level iTLB entries: 4KB 64, 2MB 8, 4MB 8
[    0.054856] Last level dTLB entries: 4KB 64, 2MB 0, 4MB 0, 1GB 4
[    0.056005] Spectre V2 : Mitigation: Full generic retpoline
[    0.060003] Spectre V2 : Spectre v2 / SpectreRSB mitigation: Filling RSB on context switch
[    0.064004] Speculative Store Bypass: Vulnerable
[    0.068126] Freeing SMP alternatives memory: 36K
[    0.076000] smpboot: CPU0: Intel(R) Core(TM) m3-6Y30 CPU @ 0.90GHz (family: 0x6, model: 0x4e, stepping: 0x3)
[    0.076096] Performance Events: unsupported p6 CPU model 78 no PMU driver, software events only.
[    0.080138] Hierarchical SRCU implementation.
[    0.084764] NMI watchdog: Perf event create on CPU 0 failed with -2
[    0.088003] NMI watchdog: Perf NMI watchdog permanently disabled
[    0.092062] smp: Bringing up secondary CPUs ...
[    0.095027] x86: Booting SMP configuration:
[    0.096012] .... node  #0, CPUs:      #1
[    0.004000] kvm-clock: cpu 1, msr 0:3ff44041, secondary cpu clock
[    0.004000] mce: CPU supports 0 MCE banks
[    0.116025] smp: Brought up 1 node, 2 CPUs
[    0.120007] smpboot: Max logical packages: 1
[    0.124006] smpboot: Total of 2 processors activated (4416.00 BogoMIPS)
[    0.128340] devtmpfs: initialized
[    0.132081] x86/mm: Memory block size: 128MB
[    0.136194] evm: security.selinux
[    0.140007] evm: security.SMACK64
[    0.144004] evm: security.SMACK64EXEC
[    0.148004] evm: security.SMACK64TRANSMUTE
[    0.152004] evm: security.SMACK64MMAP
[    0.156004] evm: security.apparmor
[    0.160004] evm: security.ima
[    0.164006] evm: security.capability
[    0.168183] clocksource: jiffies: mask: 0xffffffff max_cycles: 0xffffffff, max_idle_ns: 7645041785100000 ns
[    0.172013] futex hash table entries: 512 (order: 3, 32768 bytes)
[    0.176102] pinctrl core: initialized pinctrl subsystem
[    0.182989] RTC time:  3:24:39, date: 02/14/19
[    0.184287] NET: Registered protocol family 16
[    0.188104] audit: initializing netlink subsys (disabled)
[    0.192079] audit: type=2000 audit(1550114683.359:1): state=initialized audit_enabled=0 res=1
[    0.200015] cpuidle: using governor ladder
[    0.201986] cpuidle: using governor menu
[    0.204087] ACPI: bus type PCI registered
[    0.206067] acpiphp: ACPI Hot Plug PCI Controller Driver version: 0.5
[    0.208280] PCI: Using configuration type 1 for base access
[    0.216107] HugeTLB registered 2.00 MiB page size, pre-allocated 0 pages
[    0.220153] ACPI: Added _OSI(Module Device)
[    0.224019] ACPI: Added _OSI(Processor Device)
[    0.226482] ACPI: Added _OSI(3.0 _SCP Extensions)
[    0.228005] ACPI: Added _OSI(Processor Aggregator Device)
[    0.232007] ACPI: Added _OSI(Linux-Dell-Video)
[    0.234624] ACPI: Added _OSI(Linux-Lenovo-NV-HDMI-Audio)
[    0.236015] ACPI: Added _OSI(Linux-HPI-Hybrid-Graphics)
[    0.244419] ACPI: Executed 1 blocks of module-level executable AML code
[    0.259489] ACPI: Interpreter enabled
[    0.260031] ACPI: (supports S0 S5)
[    0.264007] ACPI: Using IOAPIC for interrupt routing
[    0.272531] PCI: Using host bridge windows from ACPI; if necessary, use "pci=nocrs" and report a bug
[    0.276776] ACPI: Enabled 2 GPEs in block 00 to 07
[    0.308297] ACPI: PCI Root Bridge [PCI0] (domain 0000 [bus 00-ff])
[    0.312023] acpi PNP0A03:00: _OSC: OS supports [ASPM ClockPM Segments MSI]
[    0.316077] acpi PNP0A03:00: _OSC: not requesting OS control; OS requires [ExtendedConfig ASPM ClockPM MSI]
[    0.320036] acpi PNP0A03:00: fail to add MMCONFIG information, can't access extended PCI configuration space under this bridge.
[    0.329524] PCI host bridge to bus 0000:00
[    0.332012] pci_bus 0000:00: root bus resource [io  0x0000-0x0cf7 window]
[    0.336015] pci_bus 0000:00: root bus resource [io  0x0d00-0xffff window]
[    0.340010] pci_bus 0000:00: root bus resource [mem 0x000a0000-0x000bffff window]
[    0.344010] pci_bus 0000:00: root bus resource [mem 0x40000000-0xfdffffff window]
[    0.348017] pci_bus 0000:00: root bus resource [bus 00-ff]
[    0.362402] pci 0000:00:01.1: legacy IDE quirk: reg 0x10: [io  0x01f0-0x01f7]
[    0.364014] pci 0000:00:01.1: legacy IDE quirk: reg 0x14: [io  0x03f6]
[    0.368009] pci 0000:00:01.1: legacy IDE quirk: reg 0x18: [io  0x0170-0x0177]
[    0.372008] pci 0000:00:01.1: legacy IDE quirk: reg 0x1c: [io  0x0376]
[    0.404590] pci 0000:00:07.0: quirk: [io  0x4000-0x403f] claimed by PIIX4 ACPI
[    0.408045] pci 0000:00:07.0: quirk: [io  0x4100-0x410f] claimed by PIIX4 SMB
[    0.432593] ACPI: PCI Interrupt Link [LNKA] (IRQs 5 9 10 *11)
[    0.436578] ACPI: PCI Interrupt Link [LNKB] (IRQs 5 9 *10 11)
[    0.440353] ACPI: PCI Interrupt Link [LNKC] (IRQs 5 *9 10 11)
[    0.444354] ACPI: PCI Interrupt Link [LNKD] (IRQs 5 9 10 *11)
[    0.448642] SCSI subsystem initialized
[    0.452106] pci 0000:00:02.0: vgaarb: setting as boot VGA device
[    0.456000] pci 0000:00:02.0: vgaarb: VGA device added: decodes=io+mem,owns=io+mem,locks=none
[    0.456010] pci 0000:00:02.0: vgaarb: bridge control possible
[    0.460005] vgaarb: loaded
[    0.464062] ACPI: bus type USB registered
[    0.466511] usbcore: registered new interface driver usbfs
[    0.468023] usbcore: registered new interface driver hub
[    0.472035] usbcore: registered new device driver usb
[    0.474919] EDAC MC: Ver: 3.0.0
[    0.476627] PCI: Using ACPI for IRQ routing
[    0.480677] NetLabel: Initializing
[    0.482327] NetLabel:  domain hash size = 128
[    0.484004] NetLabel:  protocols = UNLABELED CIPSOv4 CALIPSO
[    0.486702] NetLabel:  unlabeled traffic allowed by default
[    0.488225] clocksource: Switched to clocksource kvm-clock
[    0.518547]VFS: Dsk qutas dqot_6..0
[    .67656] FS: Dquot-ache ash table enries: 51 (order 0, 4096 bytes)
[    0.882711] AppArmor: AppArmor Filesystem Enabled
[    0.885334] pnp PnP CPI init
[   0.949945] np: PnP ACPI:found  devices
[    1.094208] clocksorce: acpi_pm: mask 0xffffffmax_cycles: 0xffffff, max_idle_ns: 2085701024 ns
[    1.219134] NET: Registered protocol family 2

[    1.223942] TCP established hash table tries: 8192 (order: 4, 65536 bytes)

[    1.312765] TCP bind hash tabl entries: 8192 (order: 5, 131072 bytes)
[    1.364253] TCP: Hash tables configured (established 8192 bind 8192)
[    1.368204] UDP hash table entries: 512 (orer: 2, 16384 bytes)
[    1.406884] UDP-Lite hash table entries: 512 (order: 2, 16384 bytes)
[    1.410470] NET: Registered protocol family 1
[    1.412957] pci 000:00:00.0: Limiting direct PCI/PCI transfers
[    1.446782] pci 0000:00:01.0: Activating ISA DMA hang workarounds
[    1.450493] pci 000:00:02.0: deo evice ith shadowed RO at mem 0x000c0000-0x000dffff]
[    1.662828] Unpacking initramfs...

[    2.104367] Freeing initrd memory: 19508K
[    2.137042] platform rtc_cmos: registered platform RTC device (no PNP device found)
[    2.162708] Scanning for low memory corruption every 60 seconds
[    2.198609] Initialise system trusted keyrings
[    2.210445] Key type blacklist registered
[    2.228071] workingset: timestamp_bits=36 max_order=18 bucket_order=0
[    2.267289] zbud: loaded
[    2.281521] squashfs: version 4.0 (2009/01/31) Phillip Lougher
[    2.325430] fuse init (API version 7.26)
[    2.364183] Key type asymmetric registered
[    2.366083] Asymmetric key parser 'x509' registered
[    2.368513] Block layer SCSI generic (bsg) driver version 0.4 loaded (major 246)
[    2.372635] io scheduler noop registered
[    2.374593] io scheduler deadline registered
[    2.378122] io scheduler cfq registered (default)
[    2.381650] ACPI: AC Adapter [AC] (off-line)
[    2.384326] input: Power Button as /devices/LNXSYSTM:00/LNXPWRBN:00/input/input0
[    2.390342] ACPI: Power Button [PWRF]
[    2.403924] input: Sleep Button as /devices/LNXSYSTM:00/LNXSLPBN:00/input/input1
[    2.407287] ACPI: Sleep Button [SLPF]
[    2.411638] ACPI: Battery Slot [BAT0] (battery present)
[    2.412322] Serial: 8250/16550 driver, 32 ports, IRQ sharing enabled
[    2.446793] 00:02: ttyS0 at I/O 0x3f8 (irq = 4, base_baud = 115200) is a 16550A
[    2.458317] Linux agpgart interface v0.103
[    2.473005] loop: module loaded
[    2.479680] scsi host0: ata_piix
[    2.483911] scsi host1: ata_piix
[    2.486407] ata1: PATA max UDMA/33 cmd 0x1f0 ctl 0x3f6 bmdma 0xd000 irq 14
[    2.493540] ata2: PATA max UDMA/33 cmd 0x170 ctl 0x376 bmdma 0xd008 irq 15
[    2.499672] libphy: Fixed MDIO Bus: probed
[    2.505340] tun: Universal TUN/TAP device driver, 1.6
[    2.510174] PPP generic driver version 2.4.2
[    2.515432] ehci_hcd: USB 2.0 'Enhanced' Host Controller (EHCI) Driver
[    2.523686] ehci-pci: EHCI PCI platform driver
[    2.527323] ehci-platform: EHCI generic platform driver
[    2.531348] ohci_hcd: USB 1.1 'Open' Host Controller (OHCI) Driver
[    2.536503] ohci-pci: OHCI PCI platform driver
[    2.540440] ohci-platform: OHCI generic platform driver
[    2.544611] uhci_hcd: USB Universal Host Controller Interface driver
[    2.550250] i8042: PNP: PS/2 Controller [PNP0303:PS2K,PNP0f03:PS2M] at 0x60,0x64 irq 1,12
[    2.557426] serio: i8042 KBD port at 0x60,0x64 irq 1
[    2.560476] serio: i8042 AUX port at 0x60,0x64 irq 12
[    2.563210] mousedev: PS/2 mouse device common for all mice
[    2.567534] input: AT Translated Set 2 keyboard as /devices/platform/i8042/serio0/input/input2
[    2.582351] rtc_cmos rtc_cmos: rtc core: registered rtc_cmos as rtc0
[    2.588850] rtc_cmos rtc_cmos: alarms up to one day, 114 bytes nvram
[    2.592993] i2c /dev entries driver
[    2.595126] pcie_mp2_amd: AMD(R) PCI-E MP2 Communication Driver Version: 1.0
[    2.599199] device-mapper: uvent versin 1.03

[    2.726560] device-mapper: ioctl: 4.37.0-ioctl (2017-09-20) initialised: dm-devel@redhat.com
[    2.769657] ledtrig-cpu: registered to indicate activity on CPUs
[    2.787983] NET: Registered protocol family 10
[    2.818642] Segment Routing with IPv6
[    2.844977] NET: Registered protocol family 17
[    2.861108] Key type dns_resolver registered
[    2.878184] RAS: Correctable Errors collector initialized.
[    2.888822] sched_clock: Marking stable (2888785450, 0)->(7031839336, -4143053886)
[    2.924283] registered taskstats version 1
[    2.941834] Loading compiled-in X.509 certificates
[    2.971615] Loaded X.509 cert 'Build time autogenerated kernel key: e3b8f44ffaaceef3e3a84cfaebd8e5a9acebeaad'
[    3.021816] zswap: loaded using pool lzo/zbud
[    3.053944] Key type big_key registered
[    3.072473] Key type trusted registered
[    3.098729] Key type encrypted registered
[    3.121645] AppArmor: AppArmor sha1 policy hashing enabled
[    3.124795] ima: No TPM chip found, activating TPM-bypass! (rc=-19)
[    3.128715] ima: Allocated hash algorithm: sha1
[    3.134098] evm: HMAC attrs: 0x1
[    3.138518]   Magic number: 7:715:411
[    3.161685] rtc_cmos rtc_cmos: setting system clock to 2019-02-14 03:24:43 UTC (1550114683)
[    3.167860] BIOS EDD facility v0.16 2004-Jun-25, 0 devices found
[    3.168117] tsc: Refined TSC clocksource calibration: 1103.768 MHz
[    3.168125] clocksource: tsc: mask: 0xffffffffffffffff max_cycles: 0xfe900dd4a2, max_idle_ns: 440795218565 ns
[    3.208308] EDD information not available.
[    3.221952] Freeing unused kernel memory: 2408K
[    3.241113] Write protecting the kernel read-only data: 20480k
[    3.269262] Freeing unused kernel memory: 2008K
[    3.278159] Freeing unused kernel memory: 1892K
[    3.287385] x86/mm: Checked W+X mappings: passed, no W+X pages found.
[    3.302772] x86/mm: Checking user space page tables
[    3.316026] x86/mm: Checked W+X mappings: passed, no W+X pages found.
Loading, please wait...
starting version 237
[    3.428040] Fusion MPT base driver 3.04.20
[    3.442889] Copyright (c) 1999-2008 LSI Corporation
[    3.449376] e1000: Intel(R) PRO/1000 Network Driver - version 7.3.21-k8-NAPI
[    3.452602] e1000: Copyright (c) 1999-2006 Intel Corporation.
[    3.467255] AVX2 version of gcm_enc/dec engaged.
[    3.469927] AES CTR mode by8 optimization enabled
[    3.479463] Fusion MPT SPI Host driver 3.04.20
[    3.682775] input: ImExPS/2 Generic Explorer Mouse as /devices/platform/i8042/serio1/input/input4
[    4.065635] e1000 0000:00:03.0 eth0: (PCI:33MHz:32-bit) 02:62:7a:79:f6:ca
[    4.134665] e1000 0000:00:03.0 eth0: Intel(R) PRO/1000 Network Connection
[    4.655828] e1000 0000:00:08.0 eth1: (PCI:33MHz:32-bit) 08:00:27:a1:f2:d5
[    4.733007] e1000 0000:00:08.0 eth1: Intel(R) PRO/1000 Network Connection
[    4.775076] mptbase: ioc0: Initiating bringup
[    4.775403] e1000 0000:00:08.0 enp0s8: renamed from eth1
[    4.798054] e1000 0000:00:03.0 enp0s3: renamed from eth0
[    5.115395] ioc0: LSI53C1030 A0: Capabilities={Initiator}
[    6.515274] scsi host2: ioc0: LSI53C1030 A0, FwRev=00000000h, Ports=1, MaxQ=256, IRQ=20
[    7.569213] scsi 2:0:0:0: Direct-Access     VBOX     HARDDISK         1.0  PQ: 0 ANSI: 5
[    7.608365] scsi target2:0:0: Beginning Domain Validation
[    7.661915] scsi target2:0:0: Domain Validation skipping write tests
[    8.563857] scsi target2:0:0: Ending Domain Validation
[    8.596990] scsi target2:0:0: asynchronous
[    8.601129] scsi 2:0:1:0: Direct-Access     VBOX     HARDDISK         1.0  PQ: 0 ANSI: 5
[    9.121986] scsi target2:0:1: Beginning Domain Validation
[    9.167608] random: fast init done
[    9.171130] scsi target2:0:1: Domain Validation skipping write tests
[    9.569494] scsi target2:0:1: Ending Domain Validation
[    9.574010] scsi target2:0:1: asynchronous
[    9.592159] random: systemd-udevd: uninitialized urandom read (16 bytes read)
[    9.598694] random: systemd-udevd: uninitialized urandom read (16 bytes read)
[    9.604431] random: systemd-udevd: uninitialized urandom read (16 bytes read)
[    9.604453] sd 2:0:0:0: Attached scsi generic sg0 type 0
[    9.619330] sd 2:0:1:0: Attached scsi generic sg1 type 0
[    9.619651] sd 2:0:0:0: [sda] 20971520 512-byte logical blocks: (10.7 GB/10.0 GiB)
[    9.619992] sd 2:0:0:0: [sda] Write Protect is off
[    9.620453] sd 2:0:0:0: [sda] Incomplete mode parameter data
[    9.620455] sd 2:0:0:0: [sda] Assuming drive cache: write through
[    9.624933]  sda: sda1
[    9.626533] sd 2:0:0:0: [sda] Attached SCSI disk
[    9.632652] sd 2:0:1:0: [sdb] 20480 512-byte logical blocks: (10.5 MB/10.0 MiB)
[    9.632811] sd 2:0:1:0: [sdb] Write Protect is off
[    9.633531] sd 2:0:1:0: [sdb] Incomplete mode parameter data
[    9.633534] sd 2:0:1:0: [sdb] Assuming drive cache: write through
[    9.637127] sd 2:0:1:0: [sdb] Attached SCSI disk
Begin: Loading essential drivers ... [   11.327158] raid6: sse2x1   gen()  7478 MB/s
[   11.380363] raid6: sse2x1   xor()  5298 MB/s
[   11.440219] raid6: sse2x2   gen()  8282 MB/s
[   11.491037] raid6: sse2x2   xor()  5797 MB/s
[   11.556159] raid6: sse2x4   gen()  6226 MB/s
[   11.607904] raid6: sse2x4   xor()  7109 MB/s
[   11.682125] raid6: avx2x1   gen() 15085 MB/s
[   11.744385] raid6: avx2x1   xor()  9827 MB/s
[   11.796914] raid6: avx2x2   gen() 17835 MB/s
[   11.880288] raid6: avx2x2   xor()  9030 MB/s
[   11.928272] raid6: avx2x4   gen()  9727 MB/s
[   11.980344] raid6: avx2x4   xor()  5121 MB/s
[   11.984156] raid6: using algorithm avx2x2 gen() 17835 MB/s
[   11.990671] raid6: .... xor() 9030 MB/s, rmw enabled
[   11.995240] raid6: using avx2x2 recovery algorithm
[   12.003030] xor: automatically using best checksumming function   avx       
[   12.012776] async_tx: api initialized (async)
done.
Begin: Running /scripts/init-premount ... done.
Begin: Mounting root file system ... Begin: Running /scripts/local-top ... done.
Begin: Running /scripts/local-premount ... [   12.088847] Btrfs loaded, crc32c=crc32c-intel
Scanning for Btrfs filesystems
done.
Warning: fsck not present, so sk[   12.136743] EXT4-fs (sda1): INFO: recovery required on readonly filesystem
ipping root file[   12.141010] EXT4-fs (sda1): write access will be enabled during recovery
 system
[   12.357380] EXT4-fs (sda1): orphan cleanup on readonly fs
[   12.366990] EXT4-fs (sda1): 1 orphan inode deleted
[   12.401598] EXT4-fs (sda1): recovery complete
[   12.423528] EXT4-fs (sda1): mounted filesystem with ordered data mode. Opts: (null)
done.
Begin: Running /scripts/local-bottom ... done.
Begin: Running /scripts/init-bottom ... done.
[   12.746615] ip_tables: (C) 2000-2006 Netfilter Core Team
[   12.779931] systemd[1]: systemd 237 running in system mode. (+PAM +AUDIT +SELINUX +IMA +APPARMOR +SMACK +SYSVINIT +UTMP +LIBCRYPTSETUP +GCRYPT +GNUTLS +ACL +XZ +LZ4 +SECCOMP +BLKID +ELFUTILS +KMOD -IDN2 +IDN -PCRE2 default-hierarchy=hybrid)
[   12.839954] systemd[1]: Detected virtualization oracle.
[   12.871528] systemd[1]: Detected architecture x86-64.

Welcome to [1mUbuntu 18.04.1 LTS[0m!

[   12.935385] systemd[1]: Set hostname to <ubuntu-bionic>.
[   13.413412] systemd[1]: Reached target System Time Synchronized.
[[0;32m  OK  [0m] Reached target System Time Synchronized.
[   15.110759] systemd[1]: Set up automount Arbitrary Executable File Formats File System Automount Point.
[[0;32m  OK  [0m] Set up automount Arbitrary Executab…rmats File System Automount Point.
[   15.141879] systemd[1]: Started Forward Password Requests to Wall Directory Watch.
[[0;32m  OK  [0m] Started Forward Password Requests to Wall Directory Watch.
[   15.148642] systemd[1]: Reached target User and Group Name Lookups.
[[0;32m  OK  [0m] Reached target User and Group Name Lookups.
[   15.155172] systemd[1]: Reached target Swap.
[[0;32m  OK  [0m] Reached target Swap.
[   15.164442] systemd[1]: Created slice User and Session Slice.
[[0;32m  OK  [0m] Created slice User and Session Slice.
[[0;32m  OK  [0m] Created slice System Slice.
[[0;32m  OK  [0m] Listening on LVM2 metadata daemon socket.
[[0;32m  OK  [0m] Listening on Network Service Netlink Socket.
[[0;32m  OK  [0m] Listening on /dev/initctl Compatibility Named Pipe.
[[0;32m  OK  [0m] Listening on Journal Audit Socket.
[[0;32m  OK  [0m] Listening on udev Kernel Socket.
[[0;32m  OK  [0m] Listening on Journal Socket (/dev/log).
[[0;32m  OK  [0m] Listening on Device-mapper event daemon FIFOs.
[[0;32m  OK  [0m] Listening on udev Control Socket.
[[0;32m  OK  [0m] Listening on LVM2 poll daemon socket.
[[0;32m  OK  [0m] Listening on Syslog Socket.
[[0;32m  OK  [0m] Created slice system-serial\x2dgetty.slice.
[[0;32m  OK  [0m] Listening on Journal Socket.
         Starting Uncomplicated firewall...
         Mounting Kernel Debug File System...
         Starting Remount Root and Kernel File Systems...
         Starting udev Coldplug all Devices...
         Mounting POSIX Message Queue File System...
         Starting Create list of required st…ce nodes for the current kernel...
         Starting Journal Service...
         Starting Load Kernel Modules...
         Starting Set the console keyboard layout...
[   15.313742] EXT4-fs (sda1): re-mounted. Opts: (null)
[   15.327366] Loading iSCSI transport class v2.0-870.
[   15.339680] iscsi: registered transport (tcp)
         Mounting Huge Pages File System...
[[0;32m  OK  [0m] Reached target Slices.
         Starting Monitoring of LVM2 mirrors…ng dmeventd or progress polling...
[[0;32m  OK  [0m] Started Jour[   15.433245] iscsi: registered transport (iser)
nal Service.
[[0;32m  OK  [0m] Started Uncomplicated firewall.
[[0;32m  OK  [0m] Mounted Kernel Debug File System.
[[0;32m  OK  [0m] Started Remount Root and Kernel File Systems.
[[0;32m  OK  [0m] Mounted POSIX Message Queue File System.
[[0;32m  OK  [0m] Started Create list of required sta…vice nodes for the current kernel.
[[0;32m  OK  [0m] Started Load Kernel Modules.
[[0;32m  OK  [0m] Mounted Huge Pages File System.
[[0;32m  OK  [0m] Started udev Coldplug all Devices.
[[0;32m  OK  [0m] Started LVM2 metadata daemon.
         Mounting Kernel Configuration File System...
         Mounting FUSE Control File System...
         Starting Apply Kernel Variables...
         Starting Create Static Device Nodes in /dev...
         Starting Initial cloud-init job [   15.672872] random: crng init done
(pre-networking)...[   15.684864] random: 7 urandom warning(s) missed due to ratelimiting

         Starting Load/Save Random Seed...
         Starting Flush Journal to Persistent Storage...
[[0;32m  OK  [0m] Started Set the console keyboard layout.
[[0;32m  OK  [0m] Started Monitoring of LVM2 mirrors,…sing dmeventd or progress polling.
[[0;32m  OK  [0m] Mounted Kernel Configuration File System.
[[0;32m  OK  [0m] Mounted FUSE Control File System.
[[0;32m  OK  [0m] Started Apply Kernel Variables.
[[0;32m  OK  [0m] Started Create Static Device Nodes in /dev.
[[0;32m  OK  [0m] Started Load/Save Random Seed.
         Starting udev Kernel Device Manager...
[[0;32m  OK  [0m] Reached target Local File Systems (Pre).
[[0;32m  OK  [0m] Reached target Local File Systems.
         Starting Tell Plymouth To Write Out Runtime Data...
         Starting Set console font and keymap...
         Starting ebtables ruleset management...
         Starting AppArmor initialization...
[[0;32m  OK  [0m] Started udev Kernel Device Manager.
[[0;32m  OK  [0m] Started Dispatch Password Requests to Console Directory Watch.
[[0;32m  OK  [0m] Reached target Local Encrypted Volumes.
[[0;32m  OK  [0m] Started Tell Plymouth To Write Out Runtime Data.
[[0;32m  OK  [0m] Started Set console font and keymap.
[[0;32m  OK  [0m] Started ebtables ruleset management.
[[0;32m  OK  [0m] Started Flush Journal to Persistent Storage.
         Starting Create Volatile Files and Directories...
[[0;32m  OK  [0m] Started Create Volatile Files and Directories.
         Starting Update UTMP about System Boot/Shutdown...
[[0;32m  OK  [0m] Started Update UTMP about System Boot/Shutdown.
[[0;32m  OK  [0m] Found device /dev/ttyS0.
[[0;32m  OK  [0m] Listening on Load/Save RF Kill Switch Status /dev/rfkill Watch.
[[0;32m  OK  [0m] Started AppArmor initialization.
[   18.195604] cloud-init[420]: Cloud-init v. 18.4-0ubuntu1~18.04.1 running 'init-local' at Thu, 14 Feb 2019 03:24:58 +0000. Up 17.84 seconds.
[[0;32m  OK  [0m] Started Initial cloud-init job (pre-networking).
[[0;32m  OK  [0m] Reached target Network (Pre).
         Starting Network Service...
[[0;32m  OK  [0m] Started Network Service.
         Starting Wait for Network to be Configured...
         Starting Network Name Resolution...
[[0;32m  OK  [0m] Started Network Name Resolution.
[[0;32m  OK  [0m] Reached target Network.
[[0;32m  OK  [0m] Reached target Host and Network Name Lookups.
[[0;32m  OK  [0m] Started Wait for Network to be Configured.
         Starting Initial cloud-init job (metadata service crawler)...
[   20.714768] cloud-init[686]: Cloud-init v. 18.4-0ubuntu1~18.04.1 running 'init' at Thu, 14 Feb 2019 03:25:00 +0000. Up 20.52 seconds.
[   20.766333] cloud-init[686]: ci-info: ++++++++++++++++++++++++++++++++++++++Net device info+++++++++++++++++++++++++++++++++++++++
[   20.804743] cloud-init[686]: ci-info: +--------+------+-----------------------------+---------------+--------+-------------------+
[   20.836612] cloud-init[686]: ci-info: | Device |  Up  |           Address           |      Mask     | Scope  |     Hw-Address    |
[   20.841538] cloud-init[686]: ci-info: +--------+------+-----------------------------+---------------+--------+-------------------+
[   20.867360] cloud-init[686]: ci-info: | enp0s3 | True |          10.0.2.15          | 255.255.255.0 | global | 02:62:7a:79:f6:ca |
[   20.885282] cloud-init[686]: ci-info: | enp0s3 | True |  fe80::62:7aff:fe79:f6ca/64 |       .       |  link  | 02:62:7a:79:f6:ca |
[   20.924448] cloud-init[686]: ci-info: | enp0s8 | True |        192.168.33.10        | 255.255.255.0 | global | 08:00:27:a1:f2:d5 |
[   20.934671] cloud-init[686]: ci-info: | enp0s8 | True | fe80::a00:27ff:fea1:f2d5/64 |       .       |  link  | 08:00:27:a1:f2:d5 |
[   20.952418] cloud-init[686]: ci-info: |   lo   | True |          127.0.0.1          |   255.0.0.0   |  host  |         .         |
[   20.963700] cloud-init[686]: ci-info: |   lo   | True |           ::1/128           |       .       |  host  |         .         |
[   20.988591] cloud-init[686]: ci-info: +--------+------+-----------------------------+---------------+--------+-------------------+
[   20.995281] cloud-init[686]: ci-info: +++++++++++++++++++++++++++++Route IPv4 info+++++++++++++++++++++++++++++
[   21.003360] cloud-init[686]: ci-info: +-------+--------------+----------+-----------------+-----------+-------+
[   21.007400] cloud-init[686]: ci-info: | Route | Destination  | Gateway  |     Genmask     | Interface | Flags |
[   21.011428] cloud-init[686]: ci-info: +-------+--------------+----------+-----------------+-----------+-------+
[   21.015452] cloud-init[686]: ci-info: |   0   |   0.0.0.0    | 10.0.2.2 |     0.0.0.0     |   enp0s3  |   UG  |
[   21.019497] cloud-init[686]: ci-info: |   1   |   10.0.2.0   | 0.0.0.0  |  255.255.255.0  |   enp0s3  |   U   |
[   21.028662] cloud-init[686]: ci-info: |   2   |   10.0.2.2   | 0.0.0.0  | 255.255.255.255 |   enp0s3  |   UH  |
[   21.049233] cloud-init[686]: ci-info: |   3   | 192.168.33.0 | 0.0.0.0  |  255.255.255.0  |   enp0s8  |   U   |
[   21.108482] cloud-init[686]: ci-info: +-------+--------------+----------+-----------------+-----------+-------+
[[   21.108827] cloud-init[686]: ci-info: +++++++++++++++++++Route IPv6 info+++++++++++++++++++
[0;32m  OK  [0m] Started Initial cloud-init job (metadata service crawler).
[   21.110303] cloud-init[686]: ci-info: +-------+-------------+---------+-----------+-------+
[[   21.313043] cloud-init[686]: ci-info: | Route | Destination | Gateway | Interface | Flags |
[0;32m  OK  [0m[   21.314145] cloud-init[686]: ci-info: +-------+-------------+---------+-----------+-------+
] Reached target Cloud-config availability.
[[   21.315121] cloud-init[686]: ci-info: |   1   |  fe80::/64  |    ::   |   enp0s8  |   U   |
[0;32m  OK  [0m[   21.442055] cloud-init[686]: ci-info: |   2   |  fe80::/64  |    ::   |   enp0s3  |   U   |
] Reached target System Initialization.
[   21.442598] cloud-init[686]: ci-info: |   4   |    local    |    ::   |   enp0s3  |   U   |
[   21.562190] cloud-init[686]: ci-info: |   5   |    local    |    ::   |   enp0s8  |   U   |
         [   21.575392] cloud-init[686]: ci-info: |   6   |   ff00::/8  |    ::   |   enp0s8  |   U   |
Starting LXD - unix socket.
[   21.576620] cloud-init[686]: ci-info: |   7   |   ff00::/8  |    ::   |   enp0s3  |   U   |
[[0;32m  OK  [0m[   21.603531] cloud-init[686]: ci-info: +-------+-------------+---------+-----------+-------+
] Started ACPI Events Check.
[[0;32m  OK  [0m] Reached target Paths.
[[0;32m  OK  [0m] Listening on ACPID Listen Socket.
[[0;32m  OK  [0m] Listening on UUID daemon activation socket.
[[0;32m  OK  [0m] Listening on Open-iSCSI iscsid Socket.
[[0;32m  OK  [0m] Listening on D-Bus System Message Bus Socket.
         Starting Socket activation for snappy daemon.
[[0;32m  OK  [0m] Started Daily apt download activities.
[[0;32m  OK  [0m] Started Daily apt upgrade and clean activities.
[[0;32m  OK  [0m] Started Daily Cleanup of Temporary Directories.
[[0;32m  OK  [0m] Started Discard unused blocks once a week.
[[0;32m  OK  [0m] Started Message of the Day.
[[0;32m  OK  [0m] Reached target Timers.
[[0;32m  OK  [0m] Reached target Network is Online.
[[0;32m  OK  [0m] Reached target Remote File Systems (Pre).
[[0;32m  OK  [0m] Reached target Remote File Systems.
         Starting Availability of block devices...
[[0;32m  OK  [0m] Listening on LXD - unix socket.
[[0;32m  OK  [0m] Listening on Socket activation for snappy daemon.
[[0;32m  OK  [0m] Started Availability of block devices.
[[0;32m  OK  [0m] Reached target Sockets.
[[0;32m  OK  [0m] Reached target Basic System.
         Starting Dispatcher daemon for systemd-networkd...
[[0;32m  OK  [0m] Started Regular background program processing daemon.
         Starting System Logging Service...
         Starting vboxadd.service...
         Starting Accounts Service...
[[0;32m  OK  [0m] Started FUSE filesystem for LXC.
         Starting Snappy daemon...
[[0;32m  OK  [0m] Started irqbalance daemon.
         Starting OpenBSD Secure Shell server...
         Starting LSB: automatic crash report generation...
         Starting Permit User Sessions...
         Starting Login Service...
         Starting LSB: Record successful boot for GRUB...
[[0;32m  OK  [0m] Started Deferred execution scheduler.
[[0;32m  OK  [0m] Started D-Bus System Message Bus.
         Starting LXD - container startup/shutdown...
[[0;32m  OK  [0m] Started System Logging Service.
[[0;32m  OK  [0m] Started Permit User Sessions.
         Starting Hold until boot process finishes up...
         Starting Terminate Plymouth Boot Screen...
[[0;32m  OK  [0m] Started Hold until boot process finishes up.
[[0;32m  OK  [0m] Started Snappy daemon.
[[0;32m  OK  [0m] Started Terminate Plymouth Boot Screen.
         Starting Wait until snapd is fully seeded...
         Starting Set console scheme...
[[0;32m  OK  [0m] Started Serial Getty on ttyS0.
[[0;32m  OK  [0m] Started Login Service.
[[0;32m  OK  [0m] Started OpenBSD Secure Shell server.
         Starting Authorization Manager...
[[0;32m  OK  [0m] Started Unattended Upgrades Shutdown.
[[0;32m  OK  [0m] Started LSB: automatic crash report generation.
[[0;32m  OK  [0m] Started LSB: Record successful boot for GRUB.
[[0;32m  OK  [0m] Started Set console scheme.
[[0;32m  OK  [0m] Created slice system-getty.slice.
[[0;32m  OK  [0m] Started Getty on tty1.
[[0;32m  OK  [0m] Reached target Login Prompts.
[[0;32m  OK  [0m] Started Authorization Manager.
[[0;32m  OK  [0m] Started Accounts Service.
[[0;32m  OK  [0m] Started Wait until snapd is fully seeded.
         Starting Apply the settings specified in cloud-config...
[[0;32m  OK  [0m] Started LXD - container startup/shutdown.
[[0;32m  OK  [0m] Started Dispatcher daemon for systemd-networkd.
[[0;32m  OK  [0m] Created slice User Slice of vagrant.
         Starting User Manager for UID 1000...
[[0;32m  OK  [0m] Started Session 1 of user vagrant.
[[0;32m  OK  [0m] Started vboxadd.service.
         Starting vboxadd-service.service...
[[0;32m  OK  [0m] Started vboxadd-service.service.
[[0;32m  OK  [0m] Reached target Multi-User System.
[[0;32m  OK  [0m] Reached target Graphical Interface.
         Starting Update UTMP about System Runlevel Changes...
[[0;32m  OK  [0m] Started Update UTMP about System Runlevel Changes.
[[0;32m  OK  [0m] Started User Manager for UID 1000.
[   24.627996] cloud-init[950]: Cloud-init v. 18.4-0ubuntu1~18.04.1 running 'modules:config' at Thu, 14 Feb 2019 03:25:04 +0000. Up 24.45 seconds.
[[0;32m  OK  [0m] Started Apply the settings specified in cloud-config.
         Starting Execute cloud user/final scripts...
[   25.688507] cloud-init[1111]: Cloud-init v. 18.4-0ubuntu1~18.04.1 running 'modules:final' at Thu, 14 Feb 2019 03:25:05 +0000. Up 25.40 seconds.
[   25.695854] cloud-init[1111]: Cloud-init v. 18.4-0ubuntu1~18.04.1 finished at Thu, 14 Feb 2019 03:25:06 +0000. Datasource DataSourceNoCloud [seed=/dev/sdb][dsmode=net].  Up 25.67 seconds
[[0;32m  OK  [0m] Started Execute cloud user/final scripts.
[[0;32m  OK  [0m] Reached target Cloud-init target.

Ubuntu 18.04.1 LTS ubuntu-bionic ttyS0

ubuntu-bionic login: 